Using profile config_files/ for setting default command line arguments.
Building DAG of jobs...
Using shell: /usr/bin/bash
Provided cluster nodes: 4999
Job stats:
job          count
---------  -------
cleanHTML        2
ml_prep          2
targets          1
tokenize         2
webscrape        1
total            8

Resources before job selection: {'_cores': 9223372036854775807, '_nodes': 4999}
Ready jobs (2)
Select jobs to execute...
Selected jobs (2)
Resources after job selection: {'_cores': 9223372036854775805, '_nodes': 4997}

[Mon Jun 17 12:19:12 2024]
rule cleanHTML:
    input: Data/gt_subset_30_html.csv.gz, Code/cleanHTML.R
    output: Data/gt_subset_30.clean_html.csv.gz
    jobid: 7
    reason: Missing output files: Data/gt_subset_30.clean_html.csv.gz; Updated input files: Data/gt_subset_30_html.csv.gz
    wildcards: datasets=gt_subset_30
    resources: mem_mb=1024, mem_mib=977, disk_mb=1000, disk_mib=954, tmpdir=<TBD>, cpus=1, time=24:00:00, job_name=data


        Code/cleanHTML.R Data/gt_subset_30_html.csv.gz Data/gt_subset_30.clean_html.csv.gz
        
Jobscript:
#!/bin/sh
# properties = {"type": "single", "rule": "cleanHTML", "local": false, "input": ["Data/gt_subset_30_html.csv.gz", "Code/cleanHTML.R"], "output": ["Data/gt_subset_30.clean_html.csv.gz"], "wildcards": {"datasets": "gt_subset_30"}, "params": {}, "log": [], "threads": 1, "resources": {"mem_mb": 1024, "mem_mib": 977, "disk_mb": 1000, "disk_mib": 954, "tmpdir": "<TBD>", "cpus": 1, "time": "24:00:00", "job_name": "data"}, "jobid": 7, "cluster": {}}
cd /nfs/turbo/schloss-lab/jocolova/Colovas_Data_Accessibility && /home/jocolova/miniforge3/envs/data_acc/bin/python3.12 -m snakemake --snakefile '/nfs/turbo/schloss-lab/jocolova/Colovas_Data_Accessibility/Snakefile' --target-jobs 'cleanHTML:datasets=gt_subset_30' --allowed-rules 'cleanHTML' --cores 'all' --attempt 1 --force-use-threads  --resources 'mem_mb=1024' 'mem_mib=977' 'disk_mb=1000' 'disk_mib=954' 'cpus=1' --wait-for-files '/nfs/turbo/schloss-lab/jocolova/Colovas_Data_Accessibility/.snakemake/tmp.0iu32d0v' 'Data/gt_subset_30_html.csv.gz' 'Code/cleanHTML.R' --force --keep-target-files --keep-remote --max-inventory-time 0 --nocolor --notemp --no-hooks --nolock --ignore-incomplete --rerun-triggers 'code' 'params' 'software-env' 'mtime' 'input' --skip-script-cleanup  --use-conda  --conda-frontend 'mamba' --conda-base-path '/home/jocolova/miniforge3' --wrapper-prefix 'https://github.com/snakemake/snakemake-wrappers/raw/' --printshellcmds  --latency-wait 120 --scheduler 'greedy' --scheduler-solver-path '/home/jocolova/miniforge3/envs/data_acc/bin' --default-resources 'mem_mb=1024' 'disk_mb=max(2*input.size_mb, 1000)' 'tmpdir=system_tmpdir' 'cpus=1' 'time="24:00:00"' 'job_name="data"' --mode 2 && touch '/nfs/turbo/schloss-lab/jocolova/Colovas_Data_Accessibility/.snakemake/tmp.0iu32d0v/7.jobfinished' || (touch '/nfs/turbo/schloss-lab/jocolova/Colovas_Data_Accessibility/.snakemake/tmp.0iu32d0v/7.jobfailed'; exit 1)

Submitted job 7 with external jobid 'Submitted batch job 9636231'.

[Mon Jun 17 12:19:14 2024]
rule webscrape:
    input: Data/groundtruth.csv, Code/Webscrape.R
    output: Data/groundtruth_html.csv.gz
    jobid: 4
    reason: Missing output files: Data/groundtruth_html.csv.gz; Updated input files: Data/groundtruth.csv, Code/Webscrape.R
    wildcards: datasets=groundtruth
    resources: mem_mb=1024, mem_mib=977, disk_mb=1000, disk_mib=954, tmpdir=<TBD>, cpus=1, time=24:00:00, job_name=data


        Code/Webscrape.R Data/groundtruth.csv Data/groundtruth_html.csv.gz
        
Jobscript:
#!/bin/sh
# properties = {"type": "single", "rule": "webscrape", "local": false, "input": ["Data/groundtruth.csv", "Code/Webscrape.R"], "output": ["Data/groundtruth_html.csv.gz"], "wildcards": {"datasets": "groundtruth"}, "params": {}, "log": [], "threads": 1, "resources": {"mem_mb": 1024, "mem_mib": 977, "disk_mb": 1000, "disk_mib": 954, "tmpdir": "<TBD>", "cpus": 1, "time": "24:00:00", "job_name": "data"}, "jobid": 4, "cluster": {}}
cd /nfs/turbo/schloss-lab/jocolova/Colovas_Data_Accessibility && /home/jocolova/miniforge3/envs/data_acc/bin/python3.12 -m snakemake --snakefile '/nfs/turbo/schloss-lab/jocolova/Colovas_Data_Accessibility/Snakefile' --target-jobs 'webscrape:datasets=groundtruth' --allowed-rules 'webscrape' --cores 'all' --attempt 1 --force-use-threads  --resources 'mem_mb=1024' 'mem_mib=977' 'disk_mb=1000' 'disk_mib=954' 'cpus=1' --wait-for-files '/nfs/turbo/schloss-lab/jocolova/Colovas_Data_Accessibility/.snakemake/tmp.0iu32d0v' 'Data/groundtruth.csv' 'Code/Webscrape.R' --force --keep-target-files --keep-remote --max-inventory-time 0 --nocolor --notemp --no-hooks --nolock --ignore-incomplete --rerun-triggers 'code' 'params' 'software-env' 'mtime' 'input' --skip-script-cleanup  --use-conda  --conda-frontend 'mamba' --conda-base-path '/home/jocolova/miniforge3' --wrapper-prefix 'https://github.com/snakemake/snakemake-wrappers/raw/' --printshellcmds  --latency-wait 120 --scheduler 'greedy' --scheduler-solver-path '/home/jocolova/miniforge3/envs/data_acc/bin' --default-resources 'mem_mb=1024' 'disk_mb=max(2*input.size_mb, 1000)' 'tmpdir=system_tmpdir' 'cpus=1' 'time="24:00:00"' 'job_name="data"' --mode 2 && touch '/nfs/turbo/schloss-lab/jocolova/Colovas_Data_Accessibility/.snakemake/tmp.0iu32d0v/4.jobfinished' || (touch '/nfs/turbo/schloss-lab/jocolova/Colovas_Data_Accessibility/.snakemake/tmp.0iu32d0v/4.jobfailed'; exit 1)

Submitted job 4 with external jobid 'Submitted batch job 9636232'.
slurmstepd: error: *** JOB 9636224 ON gl3027 CANCELLED AT 2024-06-17T12:19:22 ***
Will exit after finishing currently running jobs (scheduler).
