Using profile config_files/ for setting default command line arguments.
Building DAG of jobs...
Using shell: /usr/bin/bash
Provided cluster nodes: 4999
Job stats:
job                  count
-----------------  -------
ml_prep                  1
targets                  1
train_ml_set_seed        2
total                    4

Resources before job selection: {'_cores': 9223372036854775807, '_nodes': 4999}
Ready jobs (3)
Select jobs to execute...
Selected jobs (3)
Resources after job selection: {'_cores': 9223372036854775804, '_nodes': 4996}

[Thu Jun 20 11:33:59 2024]
rule train_ml_set_seed:
    input: Data/groundtruth.new_seq_data.preprocessed.RDS, Code/trainML.R
    output: Data/ml_results/groundtruth/runs/glmnet.2000.new_seq_data.model.RDS, Data/ml_results/groundtruth/runs/glmnet.2000.new_seq_data.performance.csv
    jobid: 11
    reason: Missing output files: Data/ml_results/groundtruth/runs/glmnet.2000.new_seq_data.model.RDS
    wildcards: datasets=groundtruth, method=glmnet, seed=2000, ml_variables=new_seq_data
    resources: mem_mb=10000, mem_mib=9537, disk_mb=1000, disk_mib=954, tmpdir=<TBD>, cpus=1, time=24:00:00, job_name=data


        Code/trainML.R Data/groundtruth.new_seq_data.preprocessed.RDS 2000 glmnet new_seq_data Data/ml_results/groundtruth/runs/glmnet.2000.new_seq_data.model.RDS Data/ml_results/groundtruth/runs/glmnet.2000.new_seq_data.performance.csv
        
Jobscript:
#!/bin/sh
# properties = {"type": "single", "rule": "train_ml_set_seed", "local": false, "input": ["Data/groundtruth.new_seq_data.preprocessed.RDS", "Code/trainML.R"], "output": ["Data/ml_results/groundtruth/runs/glmnet.2000.new_seq_data.model.RDS", "Data/ml_results/groundtruth/runs/glmnet.2000.new_seq_data.performance.csv"], "wildcards": {"datasets": "groundtruth", "method": "glmnet", "seed": "2000", "ml_variables": "new_seq_data"}, "params": {"seed": "2000"}, "log": [], "threads": 1, "resources": {"mem_mb": 10000, "mem_mib": 9537, "disk_mb": 1000, "disk_mib": 954, "tmpdir": "<TBD>", "cpus": 1, "time": "24:00:00", "job_name": "data"}, "jobid": 11, "cluster": {}}
cd /nfs/turbo/schloss-lab/jocolova/Colovas_Data_Accessibility && /home/jocolova/miniforge3/envs/data_acc/bin/python3.12 -m snakemake --snakefile '/nfs/turbo/schloss-lab/jocolova/Colovas_Data_Accessibility/Snakefile' --target-jobs 'train_ml_set_seed:datasets=groundtruth,method=glmnet,seed=2000,ml_variables=new_seq_data' --allowed-rules 'train_ml_set_seed' --cores 'all' --attempt 1 --force-use-threads  --resources 'mem_mb=10000' 'mem_mib=9537' 'disk_mb=1000' 'disk_mib=954' 'cpus=1' --wait-for-files '/nfs/turbo/schloss-lab/jocolova/Colovas_Data_Accessibility/.snakemake/tmp.0ymlhcng' 'Data/groundtruth.new_seq_data.preprocessed.RDS' 'Code/trainML.R' --force --keep-target-files --keep-remote --max-inventory-time 0 --nocolor --notemp --no-hooks --nolock --ignore-incomplete --rerun-triggers 'input' 'software-env' 'mtime' 'params' 'code' --skip-script-cleanup  --use-conda  --conda-frontend 'mamba' --conda-base-path '/home/jocolova/miniforge3' --wrapper-prefix 'https://github.com/snakemake/snakemake-wrappers/raw/' --printshellcmds  --latency-wait 120 --scheduler 'greedy' --scheduler-solver-path '/home/jocolova/miniforge3/envs/data_acc/bin' --default-resources 'mem_mb=10000' 'disk_mb=max(2*input.size_mb, 1000)' 'tmpdir=system_tmpdir' 'cpus=1' 'time="24:00:00"' 'job_name="data"' --mode 2 && touch '/nfs/turbo/schloss-lab/jocolova/Colovas_Data_Accessibility/.snakemake/tmp.0ymlhcng/11.jobfinished' || (touch '/nfs/turbo/schloss-lab/jocolova/Colovas_Data_Accessibility/.snakemake/tmp.0ymlhcng/11.jobfailed'; exit 1)

Submitted job 11 with external jobid 'Submitted batch job 9821171'.

[Thu Jun 20 11:34:05 2024]
rule ml_prep:
    input: Data/groundtruth.tokens.csv.gz, Code/MLprep.R, Data/groundtruth.csv
    output: Data/groundtruth.availability.preprocessed.RDS
    jobid: 5
    reason: Missing output files: Data/groundtruth.availability.preprocessed.RDS
    wildcards: datasets=groundtruth, ml_variables=availability
    resources: mem_mb=10000, mem_mib=9537, disk_mb=1000, disk_mib=954, tmpdir=<TBD>, cpus=1, time=24:00:00, job_name=data


        Code/MLprep.R Data/groundtruth.csv Data/groundtruth.tokens.csv.gz availability 1 Data/groundtruth.availability.preprocessed.RDS
        
Jobscript:
#!/bin/sh
# properties = {"type": "single", "rule": "ml_prep", "local": false, "input": ["Data/groundtruth.tokens.csv.gz", "Code/MLprep.R", "Data/groundtruth.csv"], "output": ["Data/groundtruth.availability.preprocessed.RDS"], "wildcards": {"datasets": "groundtruth", "ml_variables": "availability"}, "params": {}, "log": [], "threads": 1, "resources": {"mem_mb": 10000, "mem_mib": 9537, "disk_mb": 1000, "disk_mib": 954, "tmpdir": "<TBD>", "cpus": 1, "time": "24:00:00", "job_name": "data"}, "jobid": 5, "cluster": {}}
cd /nfs/turbo/schloss-lab/jocolova/Colovas_Data_Accessibility && /home/jocolova/miniforge3/envs/data_acc/bin/python3.12 -m snakemake --snakefile '/nfs/turbo/schloss-lab/jocolova/Colovas_Data_Accessibility/Snakefile' --target-jobs 'ml_prep:datasets=groundtruth,ml_variables=availability' --allowed-rules 'ml_prep' --cores 'all' --attempt 1 --force-use-threads  --resources 'mem_mb=10000' 'mem_mib=9537' 'disk_mb=1000' 'disk_mib=954' 'cpus=1' --wait-for-files '/nfs/turbo/schloss-lab/jocolova/Colovas_Data_Accessibility/.snakemake/tmp.0ymlhcng' 'Data/groundtruth.tokens.csv.gz' 'Code/MLprep.R' 'Data/groundtruth.csv' --force --keep-target-files --keep-remote --max-inventory-time 0 --nocolor --notemp --no-hooks --nolock --ignore-incomplete --rerun-triggers 'input' 'software-env' 'mtime' 'params' 'code' --skip-script-cleanup  --use-conda  --conda-frontend 'mamba' --conda-base-path '/home/jocolova/miniforge3' --wrapper-prefix 'https://github.com/snakemake/snakemake-wrappers/raw/' --printshellcmds  --latency-wait 120 --scheduler 'greedy' --scheduler-solver-path '/home/jocolova/miniforge3/envs/data_acc/bin' --default-resources 'mem_mb=10000' 'disk_mb=max(2*input.size_mb, 1000)' 'tmpdir=system_tmpdir' 'cpus=1' 'time="24:00:00"' 'job_name="data"' --mode 2 && touch '/nfs/turbo/schloss-lab/jocolova/Colovas_Data_Accessibility/.snakemake/tmp.0ymlhcng/5.jobfinished' || (touch '/nfs/turbo/schloss-lab/jocolova/Colovas_Data_Accessibility/.snakemake/tmp.0ymlhcng/5.jobfailed'; exit 1)

Submitted job 5 with external jobid 'Submitted batch job 9821172'.

[Thu Jun 20 11:34:05 2024]
rule train_ml_set_seed:
    input: Data/gt_subset_30.new_seq_data.preprocessed.RDS, Code/trainML.R
    output: Data/ml_results/gt_subset_30/runs/glmnet.2000.new_seq_data.model.RDS, Data/ml_results/gt_subset_30/runs/glmnet.2000.new_seq_data.performance.csv
    jobid: 6
    reason: Updated input files: Data/gt_subset_30.new_seq_data.preprocessed.RDS
    wildcards: datasets=gt_subset_30, method=glmnet, seed=2000, ml_variables=new_seq_data
    resources: mem_mb=10000, mem_mib=9537, disk_mb=1000, disk_mib=954, tmpdir=<TBD>, cpus=1, time=24:00:00, job_name=data


        Code/trainML.R Data/gt_subset_30.new_seq_data.preprocessed.RDS 2000 glmnet new_seq_data Data/ml_results/gt_subset_30/runs/glmnet.2000.new_seq_data.model.RDS Data/ml_results/gt_subset_30/runs/glmnet.2000.new_seq_data.performance.csv
        
Jobscript:
#!/bin/sh
# properties = {"type": "single", "rule": "train_ml_set_seed", "local": false, "input": ["Data/gt_subset_30.new_seq_data.preprocessed.RDS", "Code/trainML.R"], "output": ["Data/ml_results/gt_subset_30/runs/glmnet.2000.new_seq_data.model.RDS", "Data/ml_results/gt_subset_30/runs/glmnet.2000.new_seq_data.performance.csv"], "wildcards": {"datasets": "gt_subset_30", "method": "glmnet", "seed": "2000", "ml_variables": "new_seq_data"}, "params": {"seed": "2000"}, "log": [], "threads": 1, "resources": {"mem_mb": 10000, "mem_mib": 9537, "disk_mb": 1000, "disk_mib": 954, "tmpdir": "<TBD>", "cpus": 1, "time": "24:00:00", "job_name": "data"}, "jobid": 6, "cluster": {}}
cd /nfs/turbo/schloss-lab/jocolova/Colovas_Data_Accessibility && /home/jocolova/miniforge3/envs/data_acc/bin/python3.12 -m snakemake --snakefile '/nfs/turbo/schloss-lab/jocolova/Colovas_Data_Accessibility/Snakefile' --target-jobs 'train_ml_set_seed:datasets=gt_subset_30,method=glmnet,seed=2000,ml_variables=new_seq_data' --allowed-rules 'train_ml_set_seed' --cores 'all' --attempt 1 --force-use-threads  --resources 'mem_mb=10000' 'mem_mib=9537' 'disk_mb=1000' 'disk_mib=954' 'cpus=1' --wait-for-files '/nfs/turbo/schloss-lab/jocolova/Colovas_Data_Accessibility/.snakemake/tmp.0ymlhcng' 'Data/gt_subset_30.new_seq_data.preprocessed.RDS' 'Code/trainML.R' --force --keep-target-files --keep-remote --max-inventory-time 0 --nocolor --notemp --no-hooks --nolock --ignore-incomplete --rerun-triggers 'input' 'software-env' 'mtime' 'params' 'code' --skip-script-cleanup  --use-conda  --conda-frontend 'mamba' --conda-base-path '/home/jocolova/miniforge3' --wrapper-prefix 'https://github.com/snakemake/snakemake-wrappers/raw/' --printshellcmds  --latency-wait 120 --scheduler 'greedy' --scheduler-solver-path '/home/jocolova/miniforge3/envs/data_acc/bin' --default-resources 'mem_mb=10000' 'disk_mb=max(2*input.size_mb, 1000)' 'tmpdir=system_tmpdir' 'cpus=1' 'time="24:00:00"' 'job_name="data"' --mode 2 && touch '/nfs/turbo/schloss-lab/jocolova/Colovas_Data_Accessibility/.snakemake/tmp.0ymlhcng/6.jobfinished' || (touch '/nfs/turbo/schloss-lab/jocolova/Colovas_Data_Accessibility/.snakemake/tmp.0ymlhcng/6.jobfailed'; exit 1)

Submitted job 6 with external jobid 'Submitted batch job 9821173'.
[Thu Jun 20 11:37:39 2024]
Error in rule ml_prep:
    jobid: 5
    input: Data/groundtruth.tokens.csv.gz, Code/MLprep.R, Data/groundtruth.csv
    output: Data/groundtruth.availability.preprocessed.RDS
    shell:
        
        Code/MLprep.R Data/groundtruth.csv Data/groundtruth.tokens.csv.gz availability 1 Data/groundtruth.availability.preprocessed.RDS
        
        (one of the commands exited with non-zero exit code; note that snakemake uses bash strict mode!)
    cluster_jobid: Submitted batch job 9821172

Error executing rule ml_prep on cluster (jobid: 5, external: Submitted batch job 9821172, jobscript: /nfs/turbo/schloss-lab/jocolova/Colovas_Data_Accessibility/.snakemake/tmp.0ymlhcng/snakejob.ml_prep.5.sh). For error details see the cluster log and the log files of the involved rule(s).
Cleanup job metadata.
Cleanup failed jobs output files.
[Thu Jun 20 11:37:40 2024]
Finished job 6.
1 of 4 steps (25%) done
[Thu Jun 20 11:39:09 2024]
Finished job 11.
2 of 4 steps (50%) done
Exiting because a job execution failed. Look above for error message
Complete log: .snakemake/log/2024-06-20T113350.909288.snakemake.log
unlocking
removing lock
removing lock
removed all locks
