Using profile config_files/ for setting default command line arguments.
Building DAG of jobs...
Using shell: /usr/bin/bash
Provided cluster nodes: 4999
Job stats:
job        count
-------  -------
ml_prep        1
targets        1
total          2

Resources before job selection: {'_cores': 9223372036854775807, '_nodes': 4999}
Ready jobs (1)
Select jobs to execute...
Selected jobs (1)
Resources after job selection: {'_cores': 9223372036854775806, '_nodes': 4998}

[Thu Jun 20 12:03:14 2024]
rule ml_prep:
    input: Data/groundtruth.tokens.csv.gz, Code/MLprep.R, Data/groundtruth.csv
    output: Data/groundtruth.availability.preprocessed.RDS
    jobid: 5
    reason: Missing output files: Data/groundtruth.availability.preprocessed.RDS
    wildcards: datasets=groundtruth, ml_variables=availability
    resources: mem_mb=10000, mem_mib=9537, disk_mb=1000, disk_mib=954, tmpdir=<TBD>, cpus=1, time=24:00:00, job_name=data


        Code/MLprep.R Data/groundtruth.csv Data/groundtruth.tokens.csv.gz availability 1 Data/groundtruth.availability.preprocessed.RDS
        
Jobscript:
#!/bin/sh
# properties = {"type": "single", "rule": "ml_prep", "local": false, "input": ["Data/groundtruth.tokens.csv.gz", "Code/MLprep.R", "Data/groundtruth.csv"], "output": ["Data/groundtruth.availability.preprocessed.RDS"], "wildcards": {"datasets": "groundtruth", "ml_variables": "availability"}, "params": {}, "log": [], "threads": 1, "resources": {"mem_mb": 10000, "mem_mib": 9537, "disk_mb": 1000, "disk_mib": 954, "tmpdir": "<TBD>", "cpus": 1, "time": "24:00:00", "job_name": "data"}, "jobid": 5, "cluster": {}}
cd /nfs/turbo/schloss-lab/jocolova/Colovas_Data_Accessibility && /home/jocolova/miniforge3/envs/data_acc/bin/python3.12 -m snakemake --snakefile '/nfs/turbo/schloss-lab/jocolova/Colovas_Data_Accessibility/Snakefile' --target-jobs 'ml_prep:datasets=groundtruth,ml_variables=availability' --allowed-rules 'ml_prep' --cores 'all' --attempt 1 --force-use-threads  --resources 'mem_mb=10000' 'mem_mib=9537' 'disk_mb=1000' 'disk_mib=954' 'cpus=1' --wait-for-files '/nfs/turbo/schloss-lab/jocolova/Colovas_Data_Accessibility/.snakemake/tmp.iir_nfn9' 'Data/groundtruth.tokens.csv.gz' 'Code/MLprep.R' 'Data/groundtruth.csv' --force --keep-target-files --keep-remote --max-inventory-time 0 --nocolor --notemp --no-hooks --nolock --ignore-incomplete --rerun-triggers 'input' 'code' 'mtime' 'params' 'software-env' --skip-script-cleanup  --use-conda  --conda-frontend 'mamba' --conda-base-path '/home/jocolova/miniforge3' --wrapper-prefix 'https://github.com/snakemake/snakemake-wrappers/raw/' --printshellcmds  --latency-wait 120 --scheduler 'greedy' --scheduler-solver-path '/home/jocolova/miniforge3/envs/data_acc/bin' --default-resources 'mem_mb=10000' 'disk_mb=max(2*input.size_mb, 1000)' 'tmpdir=system_tmpdir' 'cpus=1' 'time="24:00:00"' 'job_name="data"' --mode 2 && touch '/nfs/turbo/schloss-lab/jocolova/Colovas_Data_Accessibility/.snakemake/tmp.iir_nfn9/5.jobfinished' || (touch '/nfs/turbo/schloss-lab/jocolova/Colovas_Data_Accessibility/.snakemake/tmp.iir_nfn9/5.jobfailed'; exit 1)

Submitted job 5 with external jobid 'Submitted batch job 9822326'.
[Thu Jun 20 12:07:54 2024]
Error in rule ml_prep:
    jobid: 5
    input: Data/groundtruth.tokens.csv.gz, Code/MLprep.R, Data/groundtruth.csv
    output: Data/groundtruth.availability.preprocessed.RDS
    shell:
        
        Code/MLprep.R Data/groundtruth.csv Data/groundtruth.tokens.csv.gz availability 1 Data/groundtruth.availability.preprocessed.RDS
        
        (one of the commands exited with non-zero exit code; note that snakemake uses bash strict mode!)
    cluster_jobid: Submitted batch job 9822326

Error executing rule ml_prep on cluster (jobid: 5, external: Submitted batch job 9822326, jobscript: /nfs/turbo/schloss-lab/jocolova/Colovas_Data_Accessibility/.snakemake/tmp.iir_nfn9/snakejob.ml_prep.5.sh). For error details see the cluster log and the log files of the involved rule(s).
Cleanup job metadata.
Cleanup failed jobs output files.
Exiting because a job execution failed. Look above for error message
Complete log: .snakemake/log/2024-06-20T120303.949075.snakemake.log
unlocking
removing lock
removing lock
removed all locks
