Building DAG of jobs...
Using shell: /usr/bin/bash
Provided cores: 1 (use --cores to define parallelism)
Rules claiming more threads will be scaled down.
Provided resources: mem_mb=10000, mem_mib=9537, disk_mb=1000, disk_mib=954, cpus=1
Select jobs to execute...

[Thu Jun 20 16:58:30 2024]
rule link_rot:
    input: Data/groundtruth.html.csv.gz, Code/LinkRot.R, Data/groundtruth.csv
    output: Data/linkrot/groundtruth.alllinks.csv.gz, Data/linkrot/groundtruth.linksmetadata.csv.gz
    jobid: 0
    reason: Forced execution
    wildcards: datasets=groundtruth
    resources: mem_mb=10000, mem_mib=9537, disk_mb=1000, disk_mib=954, tmpdir=/tmp, cpus=1, time=24:00:00, job_name=data


        Code/LinkRot.R  Data/groundtruth.html.csv.gz Data/groundtruth.csv Data/linkrot/groundtruth.alllinks.csv.gz Data/linkrot/groundtruth.linksmetadata.csv.gz
        
── Attaching core tidyverse packages ──────────────────────── tidyverse 2.0.0 ──
✔ dplyr     1.1.3     ✔ readr     2.1.4
✔ forcats   1.0.0     ✔ stringr   1.5.1
✔ ggplot2   3.5.1     ✔ tibble    3.2.1
✔ lubridate 1.9.3     ✔ tidyr     1.3.0
✔ purrr     1.0.2     
── Conflicts ────────────────────────────────────────── tidyverse_conflicts() ──
✖ dplyr::filter() masks stats::filter()
✖ dplyr::lag()    masks stats::lag()
ℹ Use the conflicted package (<http://conflicted.r-lib.org/>) to force all conflicts to become errors

Attaching package: ‘rvest’

The following object is masked from ‘package:readr’:

    guess_encoding


Attaching package: ‘jsonlite’

The following object is masked from ‘package:purrr’:

    flatten

Rows: 500 Columns: 41
── Column specification ────────────────────────────────────────────────────────
Delimiter: ","
chr (30): paper, new_seq_data, availability, data_public_private, software_l...
dbl (11): ...10, issue, member, prefix, score, reference.count, references.c...

ℹ Use `spec()` to retrieve the full column specification for this data.
ℹ Specify the column types or set `show_col_types = FALSE` to quiet this message.
[Thu Jun 20 17:05:59 2024]
Finished job 0.
1 of 1 steps (100%) done
