Building DAG of jobs...
Using shell: /usr/bin/bash
Provided cores: 1 (use --cores to define parallelism)
Rules claiming more threads will be scaled down.
Provided resources: mem_mb=10000, mem_mib=9537, disk_mb=1000, disk_mib=954, cpus=1
Select jobs to execute...

[Thu Jun 20 17:07:17 2024]
rule lr_by_journal:
    input: Code/linkrot/links_byjournal.R, Data/linkrot/groundtruth.linksmetadata.csv.gz
    output: Figures/linkrot/groundtruth/links_byjournal.png
    jobid: 0
    reason: Forced execution
    wildcards: datasets=groundtruth
    resources: mem_mb=10000, mem_mib=9537, disk_mb=1000, disk_mib=954, tmpdir=/tmp, cpus=1, time=24:00:00, job_name=data


        Code/linkrot/links_byjournal.R Data/linkrot/groundtruth.linksmetadata.csv.gz Figures/linkrot/groundtruth/links_byjournal.png
        
── Attaching core tidyverse packages ──────────────────────── tidyverse 2.0.0 ──
✔ dplyr     1.1.3     ✔ readr     2.1.4
✔ forcats   1.0.0     ✔ stringr   1.5.1
✔ ggplot2   3.5.1     ✔ tibble    3.2.1
✔ lubridate 1.9.3     ✔ tidyr     1.3.0
✔ purrr     1.0.2     
── Conflicts ────────────────────────────────────────── tidyverse_conflicts() ──
✖ dplyr::filter() masks stats::filter()
✖ dplyr::lag()    masks stats::lag()
ℹ Use the conflicted package (<http://conflicted.r-lib.org/>) to force all conflicts to become errors
Error in UseMethod("group_by") : 
  no applicable method for 'group_by' applied to an object of class "character"
Calls: %>% ... new_sel_vars -> structure -> tbl_vars_dispatch -> <Anonymous>
Execution halted
[Thu Jun 20 17:07:21 2024]
Error in rule lr_by_journal:
    jobid: 0
    input: Code/linkrot/links_byjournal.R, Data/linkrot/groundtruth.linksmetadata.csv.gz
    output: Figures/linkrot/groundtruth/links_byjournal.png
    shell:
        
        Code/linkrot/links_byjournal.R Data/linkrot/groundtruth.linksmetadata.csv.gz Figures/linkrot/groundtruth/links_byjournal.png
        
        (one of the commands exited with non-zero exit code; note that snakemake uses bash strict mode!)

Shutting down, this might take some time.
Exiting because a job execution failed. Look above for error message
