Building DAG of jobs...
Using shell: /usr/bin/bash
Provided cores: 1 (use --cores to define parallelism)
Rules claiming more threads will be scaled down.
Provided resources: mem_mb=10000, mem_mib=9537, disk_mb=1000, disk_mib=954, cpus=1
Select jobs to execute...

[Tue Jun 18 11:36:12 2024]
rule cleanHTML:
    input: Data/groundtruth.html.csv.gz, Code/cleanHTML.R
    output: Data/groundtruth.cleanhtml.csv.gz
    jobid: 0
    reason: Forced execution
    wildcards: datasets=groundtruth
    resources: mem_mb=10000, mem_mib=9537, disk_mb=1000, disk_mib=954, tmpdir=/tmp, cpus=1, time=24:00:00, job_name=data


        Code/cleanHTML.R Data/groundtruth.html.csv.gz Data/groundtruth.cleanhtml.csv.gz
        
── Attaching core tidyverse packages ──────────────────────── tidyverse 2.0.0 ──
✔ dplyr     1.1.3     ✔ readr     2.1.4
✔ forcats   1.0.0     ✔ stringr   1.5.1
✔ ggplot2   3.5.1     ✔ tibble    3.2.1
✔ lubridate 1.9.3     ✔ tidyr     1.3.0
✔ purrr     1.0.2     
── Conflicts ────────────────────────────────────────── tidyverse_conflicts() ──
✖ dplyr::filter() masks stats::filter()
✖ dplyr::lag()    masks stats::lag()
ℹ Use the conflicted package (<http://conflicted.r-lib.org/>) to force all conflicts to become errors
Warning messages:
1: package ‘ggplot2’ was built under R version 4.3.3 
2: package ‘stringr’ was built under R version 4.3.2 
Warning message:
package ‘tidytext’ was built under R version 4.3.3 

Attaching package: ‘rvest’

The following object is masked from ‘package:readr’:

    guess_encoding

Warning message:
package ‘rvest’ was built under R version 4.3.2 
Loading required package: koRpus.lang.en
Loading required package: koRpus
Loading required package: sylly
For information on available language packages for 'koRpus', run

  available.koRpus.lang()

and see ?install.koRpus.lang()


Attaching package: ‘koRpus’

The following object is masked from ‘package:readr’:

    tokenize

Loading required package: NLP

Attaching package: ‘NLP’

The following object is masked from ‘package:ggplot2’:

    annotate


Attaching package: ‘tm’

The following object is masked from ‘package:koRpus’:

    readTagged

[Tue Jun 18 11:36:29 2024]
Finished job 0.
1 of 1 steps (100%) done
