
R version 4.3.3 (2024-02-29) -- "Angel Food Cake"
Copyright (C) 2024 The R Foundation for Statistical Computing
Platform: x86_64-conda-linux-gnu (64-bit)

R is free software and comes with ABSOLUTELY NO WARRANTY.
You are welcome to redistribute it under certain conditions.
Type 'license()' or 'licence()' for distribution details.

  Natural language support but running in an English locale

R is a collaborative project with many contributors.
Type 'contributors()' for more information and
'citation()' on how to cite R or R packages in publications.

Type 'demo()' for some demos, 'help()' for on-line help, or
'help.start()' for an HTML browser interface to help.
Type 'q()' to quit R.

> #!/usr/bin/env Rscript
> #prep dataset for ML modeling 
> #
> # 20240429 MLprep.R of groundtruth, groundtruth_subset30
> # using mikropml and model glmnet to train model to predict
> # variable new_seq_data
> #
> #library statements
> library(tidyverse)
── Attaching core tidyverse packages ──────────────────────── tidyverse 2.0.0 ──
✔ dplyr     1.1.4     ✔ readr     2.1.5
✔ forcats   1.0.0     ✔ stringr   1.5.1
✔ ggplot2   3.4.4     ✔ tibble    3.2.1
✔ lubridate 1.9.3     ✔ tidyr     1.3.0
✔ purrr     1.0.2     
── Conflicts ────────────────────────────────────────── tidyverse_conflicts() ──
✖ dplyr::filter() masks stats::filter()
✖ dplyr::lag()    masks stats::lag()
ℹ Use the conflicted package (<http://conflicted.r-lib.org/>) to force all conflicts to become errors
> library(tidytext)
> library(jsonlite)

Attaching package: ‘jsonlite’

The following object is masked from ‘package:purrr’:

    flatten

> library(mikropml)
> options(future.globals.maxSize = 768 * 1024^3)
> options(expressions = 5e6)
Error in options(expressions = 5e+06) : 
  invalid 'expressions' parameter, allowed 25...500000
Execution halted
