Building DAG of jobs...
Using shell: /usr/bin/bash
Provided cluster nodes: 4999
Job stats:
job               count
--------------  -------
lr_by_type            1
lr_year_status        1
targets               1
total                 3

Resources before job selection: {'_cores': 9223372036854775807, '_nodes': 4999}
Ready jobs (2)
Select jobs to execute...
Selected jobs (2)
Resources after job selection: {'_cores': 9223372036854775805, '_nodes': 4997}

[Fri Jun 21 16:45:13 2024]
rule lr_year_status:
    input: Code/linkrot/links_yearstatus.R, Data/linkrot/groundtruth.alllinks.csv.gz, Data/linkrot/groundtruth.linksmetadata.csv.gz
    output: Figures/linkrot/groundtruth/links_yearstatus.png
    jobid: 6
    reason: Missing output files: Figures/linkrot/groundtruth/links_yearstatus.png
    wildcards: datasets=groundtruth
    resources: mem_mb=10000, mem_mib=9537, disk_mb=1000, disk_mib=954, tmpdir=<TBD>, cpus=1, time=24:00:00, job_name=data


        Code/linkrot/links_yearstatus.R Data/linkrot/groundtruth.alllinks.csv.gz Data/linkrot/groundtruth.linksmetadata.csv.gz Figures/linkrot/groundtruth/links_yearstatus.png
        
Jobscript:
#!/bin/sh
# properties = {"type": "single", "rule": "lr_year_status", "local": false, "input": ["Code/linkrot/links_yearstatus.R", "Data/linkrot/groundtruth.alllinks.csv.gz", "Data/linkrot/groundtruth.linksmetadata.csv.gz"], "output": ["Figures/linkrot/groundtruth/links_yearstatus.png"], "wildcards": {"datasets": "groundtruth"}, "params": {}, "log": [], "threads": 1, "resources": {"mem_mb": 10000, "mem_mib": 9537, "disk_mb": 1000, "disk_mib": 954, "tmpdir": "<TBD>", "cpus": 1, "time": "24:00:00", "job_name": "data"}, "jobid": 6, "cluster": {}}
cd /nfs/turbo/schloss-lab/jocolova/Colovas_Data_Accessibility && /home/jocolova/miniforge3/envs/data_acc/bin/python3.12 -m snakemake --snakefile '/nfs/turbo/schloss-lab/jocolova/Colovas_Data_Accessibility/Snakefile' --target-jobs 'lr_year_status:datasets=groundtruth' --allowed-rules 'lr_year_status' --cores 'all' --attempt 1 --force-use-threads  --resources 'mem_mb=10000' 'mem_mib=9537' 'disk_mb=1000' 'disk_mib=954' 'cpus=1' --wait-for-files '/nfs/turbo/schloss-lab/jocolova/Colovas_Data_Accessibility/.snakemake/tmp.b8s_nfng' 'Code/linkrot/links_yearstatus.R' 'Data/linkrot/groundtruth.alllinks.csv.gz' 'Data/linkrot/groundtruth.linksmetadata.csv.gz' --force --keep-target-files --keep-remote --max-inventory-time 0 --nocolor --notemp --no-hooks --nolock --ignore-incomplete --rerun-triggers 'mtime' 'code' 'input' 'params' 'software-env' --skip-script-cleanup  --use-conda  --conda-frontend 'mamba' --conda-base-path '/home/jocolova/miniforge3' --wrapper-prefix 'https://github.com/snakemake/snakemake-wrappers/raw/' --printshellcmds  --latency-wait 120 --scheduler 'greedy' --scheduler-solver-path '/home/jocolova/miniforge3/envs/data_acc/bin' --default-resources 'mem_mb=10000' 'disk_mb=max(2*input.size_mb, 1000)' 'tmpdir=system_tmpdir' 'cpus=1' 'time="24:00:00"' 'job_name="data"' --mode 2 && touch '/nfs/turbo/schloss-lab/jocolova/Colovas_Data_Accessibility/.snakemake/tmp.b8s_nfng/6.jobfinished' || (touch '/nfs/turbo/schloss-lab/jocolova/Colovas_Data_Accessibility/.snakemake/tmp.b8s_nfng/6.jobfailed'; exit 1)

Submitted job 6 with external jobid 'Submitted batch job 9858177'.

[Fri Jun 21 16:45:17 2024]
rule lr_by_type:
    input: Code/linkrot/links_bytype.R, Data/linkrot/groundtruth.alllinks.csv.gz
    output: Figures/linkrot/groundtruth/alllinks_bytype.png, Figures/linkrot/groundtruth/uniquelinks_bytype.png
    jobid: 7
    reason: Missing output files: Figures/linkrot/groundtruth/alllinks_bytype.png
    wildcards: datasets=groundtruth
    resources: mem_mb=10000, mem_mib=9537, disk_mb=1000, disk_mib=954, tmpdir=<TBD>, cpus=1, time=24:00:00, job_name=data


        Code/linkrot/links_bytype.R Data/linkrot/groundtruth.alllinks.csv.gz Figures/linkrot/groundtruth/alllinks_bytype.png Figures/linkrot/groundtruth/uniquelinks_bytype.png
        
Jobscript:
#!/bin/sh
# properties = {"type": "single", "rule": "lr_by_type", "local": false, "input": ["Code/linkrot/links_bytype.R", "Data/linkrot/groundtruth.alllinks.csv.gz"], "output": ["Figures/linkrot/groundtruth/alllinks_bytype.png", "Figures/linkrot/groundtruth/uniquelinks_bytype.png"], "wildcards": {"datasets": "groundtruth"}, "params": {}, "log": [], "threads": 1, "resources": {"mem_mb": 10000, "mem_mib": 9537, "disk_mb": 1000, "disk_mib": 954, "tmpdir": "<TBD>", "cpus": 1, "time": "24:00:00", "job_name": "data"}, "jobid": 7, "cluster": {}}
cd /nfs/turbo/schloss-lab/jocolova/Colovas_Data_Accessibility && /home/jocolova/miniforge3/envs/data_acc/bin/python3.12 -m snakemake --snakefile '/nfs/turbo/schloss-lab/jocolova/Colovas_Data_Accessibility/Snakefile' --target-jobs 'lr_by_type:datasets=groundtruth' --allowed-rules 'lr_by_type' --cores 'all' --attempt 1 --force-use-threads  --resources 'mem_mb=10000' 'mem_mib=9537' 'disk_mb=1000' 'disk_mib=954' 'cpus=1' --wait-for-files '/nfs/turbo/schloss-lab/jocolova/Colovas_Data_Accessibility/.snakemake/tmp.b8s_nfng' 'Code/linkrot/links_bytype.R' 'Data/linkrot/groundtruth.alllinks.csv.gz' --force --keep-target-files --keep-remote --max-inventory-time 0 --nocolor --notemp --no-hooks --nolock --ignore-incomplete --rerun-triggers 'mtime' 'code' 'input' 'params' 'software-env' --skip-script-cleanup  --use-conda  --conda-frontend 'mamba' --conda-base-path '/home/jocolova/miniforge3' --wrapper-prefix 'https://github.com/snakemake/snakemake-wrappers/raw/' --printshellcmds  --latency-wait 120 --scheduler 'greedy' --scheduler-solver-path '/home/jocolova/miniforge3/envs/data_acc/bin' --default-resources 'mem_mb=10000' 'disk_mb=max(2*input.size_mb, 1000)' 'tmpdir=system_tmpdir' 'cpus=1' 'time="24:00:00"' 'job_name="data"' --mode 2 && touch '/nfs/turbo/schloss-lab/jocolova/Colovas_Data_Accessibility/.snakemake/tmp.b8s_nfng/7.jobfinished' || (touch '/nfs/turbo/schloss-lab/jocolova/Colovas_Data_Accessibility/.snakemake/tmp.b8s_nfng/7.jobfailed'; exit 1)

Submitted job 7 with external jobid 'Submitted batch job 9858178'.
[Fri Jun 21 16:46:53 2024]
Finished job 6.
1 of 3 steps (33%) done
[Fri Jun 21 16:46:53 2024]
Finished job 7.
2 of 3 steps (67%) done
Resources before job selection: {'_cores': 9223372036854775807, '_nodes': 4999}
Ready jobs (1)
Select jobs to execute...
Selected jobs (1)
Resources after job selection: {'_cores': 9223372036854775806, '_nodes': 4998}

[Fri Jun 21 16:46:53 2024]
localrule targets:
    input: Figures/linkrot/groundtruth/alllinks_bystatus.png, Figures/linkrot/groundtruth/links_byjournal.png, Figures/linkrot/groundtruth/links_byyear.png, Figures/linkrot/groundtruth/links_yearstatus.png, Figures/linkrot/groundtruth/alllinks_bytype.png
    jobid: 0
    reason: Input files updated by another job: Figures/linkrot/groundtruth/alllinks_bytype.png, Figures/linkrot/groundtruth/links_yearstatus.png
    resources: mem_mb=10000, mem_mib=9537, disk_mb=1000, disk_mib=954, tmpdir=/tmp, cpus=1, time=24:00:00, job_name=data

[Fri Jun 21 16:46:53 2024]
Finished job 0.
3 of 3 steps (100%) done
Complete log: .snakemake/log/2024-06-21T164508.958755.snakemake.log
unlocking
removing lock
removing lock
removed all locks
