Building DAG of jobs...
Using shell: /usr/bin/bash
Provided cores: 3
Rules claiming more threads will be scaled down.
Job stats:
job              count
-------------  -------
lr_by_journal        1
lr_by_status         1
lr_by_year           1
targets              1
total                4

Select jobs to execute...

[Fri Jun 21 13:56:44 2024]
rule lr_by_journal:
    input: Code/linkrot/links_byjournal.R, Data/linkrot/groundtruth.linksmetadata.csv.gz
    output: Figures/linkrot/groundtruth/links_byjournal.png
    jobid: 4
    reason: Updated input files: Code/linkrot/links_byjournal.R
    wildcards: datasets=groundtruth
    resources: tmpdir=/tmp


[Fri Jun 21 13:56:44 2024]
rule lr_by_year:
    input: Code/linkrot/links_byyear.R, Data/linkrot/groundtruth.linksmetadata.csv.gz
    output: Figures/linkrot/groundtruth/links_byyear.png
    jobid: 5
    reason: Missing output files: Figures/linkrot/groundtruth/links_byyear.png
    wildcards: datasets=groundtruth
    resources: tmpdir=/tmp


[Fri Jun 21 13:56:44 2024]
rule lr_by_status:
    input: Code/linkrot/links_bystatus.R, Data/linkrot/groundtruth.alllinks.csv.gz
    output: Figures/linkrot/groundtruth/alllinks_bystatus.png, Figures/linkrot/groundtruth/uniquelinks_bystatus.png
    jobid: 1
    reason: Updated input files: Code/linkrot/links_bystatus.R
    wildcards: datasets=groundtruth
    resources: tmpdir=/tmp

[Fri Jun 21 13:56:49 2024]
Finished job 1.
1 of 4 steps (25%) done
[Fri Jun 21 13:57:19 2024]
Finished job 5.
2 of 4 steps (50%) done
[Fri Jun 21 13:57:20 2024]
Finished job 4.
3 of 4 steps (75%) done
Select jobs to execute...

[Fri Jun 21 13:57:20 2024]
localrule targets:
    input: Figures/linkrot/groundtruth/alllinks_bystatus.png, Figures/linkrot/groundtruth/links_byjournal.png, Figures/linkrot/groundtruth/links_byyear.png
    jobid: 0
    reason: Input files updated by another job: Figures/linkrot/groundtruth/alllinks_bystatus.png, Figures/linkrot/groundtruth/links_byjournal.png, Figures/linkrot/groundtruth/links_byyear.png
    resources: tmpdir=/tmp

[Fri Jun 21 13:57:20 2024]
Finished job 0.
4 of 4 steps (100%) done
Complete log: .snakemake/log/2024-06-21T135642.727890.snakemake.log
