Building DAG of jobs...
Using shell: /usr/bin/bash
Provided cores: 1 (use --cores to define parallelism)
Rules claiming more threads will be scaled down.
Job stats:
job         count
--------  -------
targets         1
tokenize        2
total           3

Select jobs to execute...
Execute 1 jobs...

[Thu May 23 14:38:44 2024]
localrule tokenize:
    input: Data/gt_subset_30_clean_html.csv.gz, Code/tokenize.R
    output: Data/gt_subset_30_tokens.csv.gz
    jobid: 1
    reason: Updated input files: Code/tokenize.R
    wildcards: datasets=gt_subset_30
    resources: tmpdir=/tmp

[Thu May 23 14:39:02 2024]
Finished job 1.
1 of 3 steps (33%) done
Select jobs to execute...
Execute 1 jobs...

[Thu May 23 14:39:02 2024]
localrule tokenize:
    input: Data/groundtruth_clean_html.csv.gz, Code/tokenize.R
    output: Data/groundtruth_tokens.csv.gz
    jobid: 4
    reason: Missing output files: Data/groundtruth_tokens.csv.gz
    wildcards: datasets=groundtruth
    resources: tmpdir=/tmp

[Thu May 23 14:40:48 2024]
Finished job 4.
2 of 3 steps (67%) done
Select jobs to execute...
Execute 1 jobs...

[Thu May 23 14:40:48 2024]
localrule targets:
    input: Data/gt_subset_30_tokens.csv.gz, Data/groundtruth_tokens.csv.gz
    jobid: 0
    reason: Input files updated by another job: Data/gt_subset_30_tokens.csv.gz, Data/groundtruth_tokens.csv.gz
    resources: tmpdir=/tmp

[Thu May 23 14:40:48 2024]
Finished job 0.
3 of 3 steps (100%) done
Complete log: .snakemake/log/2024-05-23T143841.800541.snakemake.log
