Building DAG of jobs...
Using shell: /usr/bin/bash
Provided cores: 2
Rules claiming more threads will be scaled down.
Job stats:
job              count
-------------  -------
lr_by_journal        1
lr_by_status         1
targets              1
total                3

Select jobs to execute...

[Fri Jun 21 10:03:32 2024]
rule lr_by_status:
    input: Code/linkrot/links_bystatus.R, Data/linkrot/groundtruth.alllinks.csv.gz
    output: Figures/linkrot/groundtruth/alllinks_bystatus.png, Figures/linkrot/groundtruth/uniquelinks_bystatus.png
    jobid: 1
    reason: Missing output files: Figures/linkrot/groundtruth/alllinks_bystatus.png
    wildcards: datasets=groundtruth
    resources: tmpdir=/tmp


[Fri Jun 21 10:03:32 2024]
rule lr_by_journal:
    input: Code/linkrot/links_byjournal.R, Data/linkrot/groundtruth.linksmetadata.csv.gz
    output: Figures/linkrot/groundtruth/links_byjournal.png
    jobid: 4
    reason: Missing output files: Figures/linkrot/groundtruth/links_byjournal.png
    wildcards: datasets=groundtruth
    resources: tmpdir=/tmp

[Fri Jun 21 10:03:36 2024]
Error in rule lr_by_status:
    jobid: 1
    input: Code/linkrot/links_bystatus.R, Data/linkrot/groundtruth.alllinks.csv.gz
    output: Figures/linkrot/groundtruth/alllinks_bystatus.png, Figures/linkrot/groundtruth/uniquelinks_bystatus.png
    shell:
        
        Code/linkrot/links_bystatus.R Data/linkrot/groundtruth.alllinks.csv.gz Figures/linkrot/groundtruth/alllinks_bystatus.png Figures/linkrot/groundtruth/uniquelinks_bystatus.png
        
        (one of the commands exited with non-zero exit code; note that snakemake uses bash strict mode!)

[Fri Jun 21 10:03:36 2024]
Error in rule lr_by_journal:
    jobid: 4
    input: Code/linkrot/links_byjournal.R, Data/linkrot/groundtruth.linksmetadata.csv.gz
    output: Figures/linkrot/groundtruth/links_byjournal.png
    shell:
        
        Code/linkrot/links_byjournal.R Data/linkrot/groundtruth.linksmetadata.csv.gz Figures/linkrot/groundtruth/links_byjournal.png
        
        (one of the commands exited with non-zero exit code; note that snakemake uses bash strict mode!)

Shutting down, this might take some time.
Exiting because a job execution failed. Look above for error message
Complete log: .snakemake/log/2024-06-21T100329.121397.snakemake.log
