Building DAG of jobs...
Using shell: /usr/bin/bash
Provided cores: 1 (use --cores to define parallelism)
Rules claiming more threads will be scaled down.
Job stats:
job          count
---------  -------
targets          1
webscrape        2
total            3

Select jobs to execute...
Execute 1 jobs...

[Wed May 22 14:34:14 2024]
localrule webscrape:
    input: Data/groundtruth.csv
    output: Data/groundtruth_html.csv.gz
    jobid: 2
    reason: Missing output files: Data/groundtruth_html.csv.gz
    wildcards: datasets=groundtruth
    resources: tmpdir=/tmp

RuleException:
CalledProcessError in file /nfs/turbo/schloss-lab/jocolova/Colovas_Data_Accessibility/Snakefile, line 15:
Command 'set -euo pipefail;  Rscript --vanilla /nfs/turbo/schloss-lab/jocolova/Colovas_Data_Accessibility/.snakemake/scripts/tmpjjinvzjc.Webscrape.R' returned non-zero exit status 1.
[Wed May 22 14:34:18 2024]
Error in rule webscrape:
    jobid: 2
    input: Data/groundtruth.csv
    output: Data/groundtruth_html.csv.gz

Shutting down, this might take some time.
Exiting because a job execution failed. Look above for error message
Complete log: .snakemake/log/2024-05-22T143413.634150.snakemake.log
WorkflowError:
At least one job did not complete successfully.
