Building DAG of jobs...
Using shell: /usr/bin/bash
Provided cores: 1 (use --cores to define parallelism)
Rules claiming more threads will be scaled down.
Job stats:
job          count
---------  -------
cleanHTML        1
targets          1
total            2

Select jobs to execute...
Execute 1 jobs...

[Wed May 22 16:59:47 2024]
localrule cleanHTML:
    input: Data/groundtruth_html.csv.gz, Code/cleanHTML.R
    output: Data/groundtruth_clean_html.csv.gz
    jobid: 3
    reason: Updated input files: Data/groundtruth_html.csv.gz, Code/cleanHTML.R
    wildcards: datasets=groundtruth
    resources: tmpdir=/tmp

[Wed May 22 17:00:22 2024]
Finished job 3.
1 of 2 steps (50%) done
Select jobs to execute...
Execute 1 jobs...

[Wed May 22 17:00:22 2024]
localrule targets:
    input: Data/gt_subset_30_clean_html.csv.gz, Data/groundtruth_clean_html.csv.gz
    jobid: 0
    reason: Input files updated by another job: Data/groundtruth_clean_html.csv.gz
    resources: tmpdir=/tmp

[Wed May 22 17:00:22 2024]
Finished job 0.
2 of 2 steps (100%) done
Complete log: .snakemake/log/2024-05-22T165947.556595.snakemake.log
