Building DAG of jobs...
Using shell: /usr/bin/bash
Provided cores: 1 (use --cores to define parallelism)
Rules claiming more threads will be scaled down.
Job stats:
job         count
--------  -------
ml_prep         1
targets         1
tokenize        1
total           3

Select jobs to execute...
Execute 1 jobs...

[Tue Jun 11 14:11:08 2024]
localrule tokenize:
    input: Data/groundtruth.clean_html.csv.gz, Code/tokenize.R
    output: Data/groundtruth.tokens.csv.gz
    jobid: 2
    reason: Missing output files: Data/groundtruth.tokens.csv.gz
    wildcards: datasets=groundtruth
    resources: tmpdir=/tmp

[Tue Jun 11 14:13:02 2024]
Finished job 2.
1 of 3 steps (33%) done
Select jobs to execute...
Execute 1 jobs...

[Tue Jun 11 14:13:02 2024]
localrule ml_prep:
    input: Data/groundtruth.tokens.csv.gz, Code/MLprep.R, Data/groundtruth.csv
    output: Data/groundtruth.new_seq_data.preprocessed.RDS
    jobid: 1
    reason: Missing output files: Data/groundtruth.new_seq_data.preprocessed.RDS; Input files updated by another job: Data/groundtruth.tokens.csv.gz
    wildcards: datasets=groundtruth, ml_variables=new_seq_data
    resources: tmpdir=/tmp

[Tue Jun 11 14:14:22 2024]
Error in rule ml_prep:
    jobid: 1
    input: Data/groundtruth.tokens.csv.gz, Code/MLprep.R, Data/groundtruth.csv
    output: Data/groundtruth.new_seq_data.preprocessed.RDS
    shell:
        
        Code/MLprep.R Data/groundtruth.csv Data/groundtruth.tokens.csv.gz new_seq_data Data/groundtruth.new_seq_data.preprocessed.RDS
        
        (one of the commands exited with non-zero exit code; note that snakemake uses bash strict mode!)

Shutting down, this might take some time.
Exiting because a job execution failed. Look above for error message
Complete log: .snakemake/log/2024-06-11T141106.896004.snakemake.log
WorkflowError:
At least one job did not complete successfully.
