Building DAG of jobs...
Using shell: /usr/bin/bash
Provided cores: 1 (use --cores to define parallelism)
Rules claiming more threads will be scaled down.
Job stats:
job         count
--------  -------
link_rot        1
targets         1
total           2

Select jobs to execute...
Execute 1 jobs...

[Fri Jun 14 11:30:35 2024]
localrule link_rot:
    input: Data/groundtruth_html.csv.gz, Code/LinkRot.R, Data/groundtruth.csv
    output: Data/linkrot/groundtruth_alllinks.csv.gz, Data/linkrot/groundtruth_links_metadata.csv.gz
    jobid: 1
    reason: Missing output files: Data/linkrot/groundtruth_alllinks.csv.gz
    wildcards: datasets=groundtruth
    resources: tmpdir=/tmp

[Fri Jun 14 11:37:51 2024]
Finished job 1.
1 of 2 steps (50%) done
Select jobs to execute...
Execute 1 jobs...

[Fri Jun 14 11:37:51 2024]
localrule targets:
    input: Data/linkrot/groundtruth_alllinks.csv.gz
    jobid: 0
    reason: Input files updated by another job: Data/linkrot/groundtruth_alllinks.csv.gz
    resources: tmpdir=/tmp

[Fri Jun 14 11:37:51 2024]
Finished job 0.
2 of 2 steps (100%) done
Complete log: .snakemake/log/2024-06-14T113029.683166.snakemake.log
