Building DAG of jobs...
Using shell: /usr/bin/bash
Provided cores: 1 (use --cores to define parallelism)
Rules claiming more threads will be scaled down.
Job stats:
job          count
---------  -------
cleanHTML        1
webscrape        1
total            2

Select jobs to execute...
Execute 1 jobs...

[Tue May 21 13:59:03 2024]
localrule webscrape:
    input: Data/gt_subset_30.csv
    output: Data/gt_subset_30.csv.gz
    jobid: 1
    reason: Missing output files: Data/gt_subset_30.csv.gz
    wildcards: datasets=gt_subset_30
    resources: tmpdir=/tmp

RuleException:
CalledProcessError in file /nfs/turbo/schloss-lab/jocolova/Colovas_Data_Accessibility/Snakefile, line 9:
Command 'set -euo pipefail;  Rscript --vanilla /nfs/turbo/schloss-lab/jocolova/Colovas_Data_Accessibility/.snakemake/scripts/tmp3z711hec.Webscrape.R' returned non-zero exit status 1.
[Tue May 21 13:59:09 2024]
Error in rule webscrape:
    jobid: 1
    input: Data/gt_subset_30.csv
    output: Data/gt_subset_30.csv.gz

Shutting down, this might take some time.
Exiting because a job execution failed. Look above for error message
Complete log: .snakemake/log/2024-05-21T135902.938114.snakemake.log
WorkflowError:
At least one job did not complete successfully.
