Building DAG of jobs...
Using shell: /usr/bin/bash
Provided cores: 1 (use --cores to define parallelism)
Rules claiming more threads will be scaled down.
Job stats:
job          count
---------  -------
cleanHTML        1
ml_prep          1
targets          1
tokenize         1
total            4

Select jobs to execute...

[Mon Jun 17 15:58:40 2024]
rule cleanHTML:
    input: Data/gt_subset_30.html.csv.gz, Code/cleanHTML.R
    output: Data/gt_subset_30.cleanhtml.csv.gz
    jobid: 3
    reason: Missing output files: Data/gt_subset_30.cleanhtml.csv.gz; Updated input files: Data/gt_subset_30.html.csv.gz, Code/cleanHTML.R
    wildcards: datasets=gt_subset_30
    resources: tmpdir=/tmp

[Mon Jun 17 15:58:46 2024]
Error in rule cleanHTML:
    jobid: 3
    input: Data/gt_subset_30.html.csv.gz, Code/cleanHTML.R
    output: Data/gt_subset_30.cleanhtml.csv.gz
    shell:
        
        Code/cleanHTML.R Data/gt_subset_30.html.csv.gz Data/gt_subset_30.cleanhtml.csv.gz
        
        (one of the commands exited with non-zero exit code; note that snakemake uses bash strict mode!)

Shutting down, this might take some time.
Exiting because a job execution failed. Look above for error message
Complete log: .snakemake/log/2024-06-17T155839.417140.snakemake.log
