Building DAG of jobs...
Full Traceback (most recent call last):
  File "/home/jocolova/miniconda3/envs/data_acc/lib/python3.12/site-packages/snakemake/cli.py", line 2078, in args_to_api
    dag_api.execute_workflow(
  File "/home/jocolova/miniconda3/envs/data_acc/lib/python3.12/site-packages/snakemake/api.py", line 589, in execute_workflow
    workflow.execute(
  File "/home/jocolova/miniconda3/envs/data_acc/lib/python3.12/site-packages/snakemake/workflow.py", line 1081, in execute
    self._build_dag()
  File "/home/jocolova/miniconda3/envs/data_acc/lib/python3.12/site-packages/snakemake/workflow.py", line 1037, in _build_dag
    async_run(self.dag.init())
  File "/home/jocolova/miniconda3/envs/data_acc/lib/python3.12/site-packages/snakemake/common/__init__.py", line 94, in async_run
    return asyncio.run(coroutine)
           ^^^^^^^^^^^^^^^^^^^^^^
  File "/home/jocolova/miniconda3/envs/data_acc/lib/python3.12/asyncio/runners.py", line 194, in run
    return runner.run(main)
           ^^^^^^^^^^^^^^^^
  File "/home/jocolova/miniconda3/envs/data_acc/lib/python3.12/asyncio/runners.py", line 118, in run
    return self._loop.run_until_complete(task)
           ^^^^^^^^^^^^^^^^^^^^^^^^^^^^^^^^^^^
  File "/home/jocolova/miniconda3/envs/data_acc/lib/python3.12/asyncio/base_events.py", line 687, in run_until_complete
    return future.result()
           ^^^^^^^^^^^^^^^
  File "/home/jocolova/miniconda3/envs/data_acc/lib/python3.12/site-packages/snakemake/dag.py", line 184, in init
    await self.file2jobs(file),
    ^^^^^^^^^^^^^^^^^^^^^^^^^^
  File "/home/jocolova/miniconda3/envs/data_acc/lib/python3.12/site-packages/snakemake/dag.py", line 2173, in file2jobs
    raise MissingRuleException(targetfile)
snakemake.exceptions.MissingRuleException: No rule to produce --cluster=mkdir -p log/hpc/jobs/{rule}/ && sbatch --job-name={rule}-{wildcards} --account={resources.account} --partition={resources.partition} --mail-user={resources.email} --nodes=1 --ntasks=1 --cpus-per-task={threads} --mem-per-cpu={resources.mem_mb}MB --time={resources.time} --output=log/hpc/jobs/{rule}/{rule}.{wildcards}.out (if you use input functions make sure that they don't raise unexpected exceptions).

MissingRuleException:
No rule to produce --cluster=mkdir -p log/hpc/jobs/{rule}/ && sbatch --job-name={rule}-{wildcards} --account={resources.account} --partition={resources.partition} --mail-user={resources.email} --nodes=1 --ntasks=1 --cpus-per-task={threads} --mem-per-cpu={resources.mem_mb}MB --time={resources.time} --output=log/hpc/jobs/{rule}/{rule}.{wildcards}.out (if you use input functions make sure that they don't raise unexpected exceptions).
