Building DAG of jobs...
Using shell: /usr/bin/bash
Provided cores: 1 (use --cores to define parallelism)
Rules claiming more threads will be scaled down.
Job stats:
job                  count
-----------------  -------
targets                  1
train_ml_set_seed        1
total                    2

Select jobs to execute...
Execute 1 jobs...

[Thu Jun 13 14:53:58 2024]
localrule train_ml_set_seed:
    input: Data/gt_subset_30.new_seq_data.preprocessed.RDS, Code/trainML.R
    output: Data/ml_results/gt_subset_30/runs/glmnet.2000.new_seq_data.model.RDS, Data/ml_results/gt_subset_30/runs/glmnet.2000.new_seq_data.performance.csv
    jobid: 1
    reason: Missing output files: Data/ml_results/gt_subset_30/runs/glmnet.2000.new_seq_data.model.RDS
    wildcards: datasets=gt_subset_30, method=glmnet, seed=2000, ml_variables=new_seq_data
    resources: tmpdir=/tmp

[Thu Jun 13 14:54:05 2024]
Error in rule train_ml_set_seed:
    jobid: 1
    input: Data/gt_subset_30.new_seq_data.preprocessed.RDS, Code/trainML.R
    output: Data/ml_results/gt_subset_30/runs/glmnet.2000.new_seq_data.model.RDS, Data/ml_results/gt_subset_30/runs/glmnet.2000.new_seq_data.performance.csv
    shell:
        
        Code/trainML.R Data/gt_subset_30.new_seq_data.preprocessed.RDS 2000 glmnet new_seq_data Data/ml_results/gt_subset_30/runs/glmnet.2000.new_seq_data.model.RDS Data/ml_results/gt_subset_30/runs/glmnet.2000.new_seq_data.performance.csv
        
        (one of the commands exited with non-zero exit code; note that snakemake uses bash strict mode!)

Shutting down, this might take some time.
Exiting because a job execution failed. Look above for error message
Complete log: .snakemake/log/2024-06-13T145356.914896.snakemake.log
WorkflowError:
At least one job did not complete successfully.
