Building DAG of jobs...
Using shell: /usr/bin/bash
Provided cores: 1 (use --cores to define parallelism)
Rules claiming more threads will be scaled down.
Job stats:
job             count
------------  -------
lr_by_status        1
targets             1
total               2

Select jobs to execute...

[Thu Jun 20 16:51:29 2024]
rule lr_by_status:
    input: Code/linkrot/links_bystatus.R, Data/linkrot/groundtruth_alllinks.csv.gz
    output: Figures/linkrot/groundtruth/alllinks_bystatus.png, Figures/linkrot/groundtruth/uniquelinks_bystatus.png
    jobid: 1
    reason: Updated input files: Code/linkrot/links_bystatus.R
    wildcards: datasets=groundtruth
    resources: tmpdir=/tmp

[Thu Jun 20 16:51:33 2024]
Error in rule lr_by_status:
    jobid: 1
    input: Code/linkrot/links_bystatus.R, Data/linkrot/groundtruth_alllinks.csv.gz
    output: Figures/linkrot/groundtruth/alllinks_bystatus.png, Figures/linkrot/groundtruth/uniquelinks_bystatus.png
    shell:
        
        Code/linkrot/links_bystatus.R Data/linkrot/groundtruth_alllinks.csv.gz Figures/linkrot/groundtruth/alllinks_bystatus.png Figures/linkrot/groundtruth/uniquelinks_bystatus.png
        
        (one of the commands exited with non-zero exit code; note that snakemake uses bash strict mode!)

Shutting down, this might take some time.
Exiting because a job execution failed. Look above for error message
Complete log: .snakemake/log/2024-06-20T165126.006710.snakemake.log
