Building DAG of jobs...
Using shell: /usr/bin/bash
Provided cores: 1 (use --cores to define parallelism)
Rules claiming more threads will be scaled down.
Job stats:
job         count
--------  -------
targets         1
tokenize        1
total           2

Select jobs to execute...
Execute 1 jobs...

[Tue May 28 15:36:38 2024]
localrule tokenize:
    input: Data/gt_subset_30_clean_html.csv.gz, Code/tokenize.R
    output: Data/gt_subset_30_tokens.csv.gz
    jobid: 1
    reason: Updated input files: Code/tokenize.R
    wildcards: datasets=gt_subset_30
    resources: tmpdir=/tmp

[Tue May 28 15:37:29 2024]
Finished job 1.
1 of 2 steps (50%) done
Select jobs to execute...
Execute 1 jobs...

[Tue May 28 15:37:29 2024]
localrule targets:
    input: Data/gt_subset_30_tokens.csv.gz
    jobid: 0
    reason: Input files updated by another job: Data/gt_subset_30_tokens.csv.gz
    resources: tmpdir=/tmp

[Tue May 28 15:37:29 2024]
Finished job 0.
2 of 2 steps (100%) done
Complete log: .snakemake/log/2024-05-28T153628.587542.snakemake.log
