Building DAG of jobs...
Using shell: /usr/bin/bash
Provided cores: 1 (use --cores to define parallelism)
Rules claiming more threads will be scaled down.
Job stats:
job         count
--------  -------
targets         1
tokenize        2
total           3

Select jobs to execute...
Execute 1 jobs...

[Thu May 23 11:21:19 2024]
localrule tokenize:
    input: Data/gt_subset_30_clean_html.csv.gz, Code/tokenize.R
    output: Data/gt_subset_30_tokens.csv.gz
    jobid: 1
    reason: Missing output files: Data/gt_subset_30_tokens.csv.gz
    wildcards: datasets=gt_subset_30
    resources: tmpdir=/tmp

[Thu May 23 11:21:19 2024]
Error in rule tokenize:
    jobid: 1
    input: Data/gt_subset_30_clean_html.csv.gz, Code/tokenize.R
    output: Data/gt_subset_30_tokens.csv.gz
    shell:
        
        Code/tokenize.R Data/gt_subset_30_clean_html.csv.gz Data/gt_subset_30_tokens.csv.gz
        
        (one of the commands exited with non-zero exit code; note that snakemake uses bash strict mode!)

Shutting down, this might take some time.
Exiting because a job execution failed. Look above for error message
Complete log: .snakemake/log/2024-05-23T112118.991831.snakemake.log
WorkflowError:
At least one job did not complete successfully.
