Building DAG of jobs...
Using shell: /usr/bin/bash
Provided cores: 2
Rules claiming more threads will be scaled down.
Job stats:
job          count
---------  -------
cleanHTML        2
ml_prep          2
targets          1
tokenize         2
total            7

Select jobs to execute...
Execute 2 jobs...

[Tue Jun 11 12:48:55 2024]
localrule cleanHTML:
    input: Data/groundtruth_html.csv.gz, Code/cleanHTML.R
    output: Data/groundtruth.clean_html.csv.gz
    jobid: 3
    reason: Missing output files: Data/groundtruth.clean_html.csv.gz
    wildcards: datasets=groundtruth
    resources: tmpdir=/tmp


[Tue Jun 11 12:48:55 2024]
localrule cleanHTML:
    input: Data/gt_subset_30_html.csv.gz, Code/cleanHTML.R
    output: Data/gt_subset_30.clean_html.csv.gz
    jobid: 7
    reason: Missing output files: Data/gt_subset_30.clean_html.csv.gz
    wildcards: datasets=gt_subset_30
    resources: tmpdir=/tmp

[Tue Jun 11 12:49:33 2024]
Finished job 7.
1 of 7 steps (14%) done
Select jobs to execute...
Execute 1 jobs...

[Tue Jun 11 12:49:33 2024]
localrule tokenize:
    input: Data/gt_subset_30.clean_html.csv.gz, Code/tokenize.R
    output: Data/gt_subset_30.tokens.csv.gz
    jobid: 6
    reason: Missing output files: Data/gt_subset_30.tokens.csv.gz; Input files updated by another job: Data/gt_subset_30.clean_html.csv.gz
    wildcards: datasets=gt_subset_30
    resources: tmpdir=/tmp

[Tue Jun 11 12:49:44 2024]
Finished job 6.
2 of 7 steps (29%) done
Select jobs to execute...
Execute 1 jobs...

[Tue Jun 11 12:49:44 2024]
localrule ml_prep:
    input: Data/gt_subset_30.tokens.csv.gz, Code/MLprep.R, Data/gt_subset_30.csv
    output: Data/gt_subset_30.new_seq_data.preprocessed.RDS
    jobid: 5
    reason: Missing output files: Data/gt_subset_30.new_seq_data.preprocessed.RDS; Input files updated by another job: Data/gt_subset_30.tokens.csv.gz
    wildcards: datasets=gt_subset_30, ml_variables=new_seq_data
    resources: tmpdir=/tmp

[Tue Jun 11 12:49:53 2024]
Finished job 3.
3 of 7 steps (43%) done
Select jobs to execute...
Execute 1 jobs...

[Tue Jun 11 12:49:53 2024]
localrule tokenize:
    input: Data/groundtruth.clean_html.csv.gz, Code/tokenize.R
    output: Data/groundtruth.tokens.csv.gz
    jobid: 2
    reason: Missing output files: Data/groundtruth.tokens.csv.gz; Input files updated by another job: Data/groundtruth.clean_html.csv.gz
    wildcards: datasets=groundtruth
    resources: tmpdir=/tmp

[Tue Jun 11 12:52:25 2024]
Error in rule tokenize:
    jobid: 2
    input: Data/groundtruth.clean_html.csv.gz, Code/tokenize.R
    output: Data/groundtruth.tokens.csv.gz
    shell:
        
        Code/tokenize.R Data/groundtruth.clean_html.csv.gz Data/groundtruth.tokens.csv.gz
        
        (one of the commands exited with non-zero exit code; note that snakemake uses bash strict mode!)

[Tue Jun 11 12:52:37 2024]
Finished job 5.
4 of 7 steps (57%) done
Shutting down, this might take some time.
Exiting because a job execution failed. Look above for error message
Complete log: .snakemake/log/2024-06-11T124847.799257.snakemake.log
WorkflowError:
At least one job did not complete successfully.
