Building DAG of jobs...
Using shell: /usr/bin/bash
Provided cores: 1 (use --cores to define parallelism)
Rules claiming more threads will be scaled down.
Provided resources: mem_mb=512, mem_mib=489, disk_mb=1000, disk_mib=954, cpus=1
Select jobs to execute...

[Fri Jun 14 16:14:18 2024]
rule webscrape:
    input: Data/groundtruth.csv, Code/Webscrape.R
    output: Data/groundtruth_html.csv.gz
    jobid: 0
    reason: Forced execution
    wildcards: datasets=groundtruth
    resources: mem_mb=512, mem_mib=489, disk_mb=1000, disk_mib=954, tmpdir=/tmp, cpus=1, time=24:00:00, job_name=data


        Code/Webscrape.R Data/groundtruth.csv Data/groundtruth_html.csv.gz
        
── Attaching core tidyverse packages ──────────────────────── tidyverse 2.0.0 ──
✔ dplyr     1.1.3     ✔ readr     2.1.4
✔ forcats   1.0.0     ✔ stringr   1.5.1
✔ ggplot2   3.5.1     ✔ tibble    3.2.1
✔ lubridate 1.9.3     ✔ tidyr     1.3.0
✔ purrr     1.0.2     
── Conflicts ────────────────────────────────────────── tidyverse_conflicts() ──
✖ dplyr::filter() masks stats::filter()
✖ dplyr::lag()    masks stats::lag()
ℹ Use the conflicted package (<http://conflicted.r-lib.org/>) to force all conflicts to become errors
Warning messages:
1: package ‘ggplot2’ was built under R version 4.3.3 
2: package ‘stringr’ was built under R version 4.3.2 

Attaching package: ‘rvest’

The following object is masked from ‘package:readr’:

    guess_encoding

Warning message:
package ‘rvest’ was built under R version 4.3.2 
Warning message:
package ‘tidytext’ was built under R version 4.3.3 
Rows: 500 Columns: 41
── Column specification ────────────────────────────────────────────────────────
Delimiter: ","
chr (30): paper, new_seq_data, availability, data_public_private, software_l...
dbl (11): ...10, issue, member, prefix, score, reference.count, references.c...

ℹ Use `spec()` to retrieve the full column specification for this data.
ℹ Specify the column types or set `show_col_types = FALSE` to quiet this message.
[Fri Jun 14 16:32:11 2024]
Error in rule webscrape:
    jobid: 0
    input: Data/groundtruth.csv, Code/Webscrape.R
    output: Data/groundtruth_html.csv.gz
    shell:
        
        Code/Webscrape.R Data/groundtruth.csv Data/groundtruth_html.csv.gz
        
        (one of the commands exited with non-zero exit code; note that snakemake uses bash strict mode!)

Shutting down, this might take some time.
Exiting because a job execution failed. Look above for error message
slurmstepd: error: Detected 1 oom_kill event in StepId=9556538.batch. Some of the step tasks have been OOM Killed.
