Building DAG of jobs...
Using shell: /usr/bin/bash
Provided cores: 1 (use --cores to define parallelism)
Rules claiming more threads will be scaled down.
Provided resources: mem_mb=10000, mem_mib=9537, disk_mb=1000, disk_mib=954, cpus=1
Select jobs to execute...

[Fri Jun 21 16:46:13 2024]
rule lr_year_status:
    input: Code/linkrot/links_yearstatus.R, Data/linkrot/groundtruth.alllinks.csv.gz, Data/linkrot/groundtruth.linksmetadata.csv.gz
    output: Figures/linkrot/groundtruth/links_yearstatus.png
    jobid: 0
    reason: Forced execution
    wildcards: datasets=groundtruth
    resources: mem_mb=10000, mem_mib=9537, disk_mb=1000, disk_mib=954, tmpdir=/tmp, cpus=1, time=24:00:00, job_name=data


        Code/linkrot/links_yearstatus.R Data/linkrot/groundtruth.alllinks.csv.gz Data/linkrot/groundtruth.linksmetadata.csv.gz Figures/linkrot/groundtruth/links_yearstatus.png
        
── Attaching core tidyverse packages ──────────────────────── tidyverse 2.0.0 ──
✔ dplyr     1.1.3     ✔ readr     2.1.4
✔ forcats   1.0.0     ✔ stringr   1.5.1
✔ ggplot2   3.5.1     ✔ tibble    3.2.1
✔ lubridate 1.9.3     ✔ tidyr     1.3.0
✔ purrr     1.0.2     
── Conflicts ────────────────────────────────────────── tidyverse_conflicts() ──
✖ dplyr::filter() masks stats::filter()
✖ dplyr::lag()    masks stats::lag()
ℹ Use the conflicted package (<http://conflicted.r-lib.org/>) to force all conflicts to become errors
Rows: 662 Columns: 8
── Column specification ────────────────────────────────────────────────────────
Delimiter: ","
chr (7): paper, html_tag, link_address, link_text, hostname, domain, website...
dbl (1): link_status

ℹ Use `spec()` to retrieve the full column specification for this data.
ℹ Specify the column types or set `show_col_types = FALSE` to quiet this message.
New names:
• `...10` -> `...13`
• `...41` -> `...44`
Rows: 119 Columns: 44
── Column specification ────────────────────────────────────────────────────────
Delimiter: ","
chr (30): paper_doi, new_seq_data, availability, data_public_private, softwa...
dbl (14): total_link_count, unique_link_count, link_count_difference, ...13,...

ℹ Use `spec()` to retrieve the full column specification for this data.
ℹ Specify the column types or set `show_col_types = FALSE` to quiet this message.
Warning message:
Removed 9 rows containing non-finite outside the scale range (`stat_count()`). 
Saving 7 x 7 in image
Warning message:
Removed 9 rows containing non-finite outside the scale range (`stat_count()`). 
[Fri Jun 21 16:46:21 2024]
Finished job 0.
1 of 1 steps (100%) done
